2019-12-05 13:11:59.306 INFO  (main) [   ] o.e.j.u.log Logging initialized @882ms to org.eclipse.jetty.util.log.Slf4jLog
2019-12-05 13:11:59.403 WARN  (main) [   ] o.e.j.x.XmlConfiguration Deprecated method public void org.eclipse.jetty.rewrite.handler.RedirectRegexRule.setReplacement(java.lang.String) in file:///home/stephen/Downloads/solr-8.3.0/server/etc/jetty.xml
2019-12-05 13:11:59.466 WARN  (main) [   ] o.e.j.s.AbstractConnector Ignoring deprecated socket close linger time
2019-12-05 13:11:59.466 WARN  (main) [   ] o.e.j.x.XmlConfiguration Deprecated method public void org.eclipse.jetty.server.ServerConnector.setSoLingerTime(int) in file:///home/stephen/Downloads/solr-8.3.0/server/etc/jetty-http.xml
2019-12-05 13:11:59.474 INFO  (main) [   ] o.e.j.s.Server jetty-9.4.19.v20190610; built: 2019-06-10T16:30:51.723Z; git: afcf563148970e98786327af5e07c261fda175d3; jvm 1.8.0_191-b12
2019-12-05 13:11:59.530 INFO  (main) [   ] o.e.j.d.p.ScanningAppProvider Deployment monitor [file:///home/stephen/Downloads/solr-8.3.0/server/contexts/] at interval 0
2019-12-05 13:11:59.815 INFO  (main) [   ] o.e.j.w.StandardDescriptorProcessor NO JSP Support for /solr, did not find org.apache.jasper.servlet.JspServlet
2019-12-05 13:11:59.830 INFO  (main) [   ] o.e.j.s.session DefaultSessionIdManager workerName=node0
2019-12-05 13:11:59.830 INFO  (main) [   ] o.e.j.s.session No SessionScavenger set, using defaults
2019-12-05 13:11:59.833 INFO  (main) [   ] o.e.j.s.session node0 Scavenging every 600000ms
2019-12-05 13:11:59.927 INFO  (main) [   ] o.a.s.s.SolrDispatchFilter Using logger factory org.apache.logging.slf4j.Log4jLoggerFactory
2019-12-05 13:11:59.931 INFO  (main) [   ] o.a.s.s.SolrDispatchFilter  ___      _       Welcome to Apache Solr™ version 8.3.0
2019-12-05 13:11:59.931 INFO  (main) [   ] o.a.s.s.SolrDispatchFilter / __| ___| |_ _   Starting in standalone mode on port 8983
2019-12-05 13:11:59.931 INFO  (main) [   ] o.a.s.s.SolrDispatchFilter \__ \/ _ \ | '_|  Install dir: /home/stephen/Downloads/solr-8.3.0
2019-12-05 13:11:59.932 INFO  (main) [   ] o.a.s.s.SolrDispatchFilter |___/\___/_|_|    Start time: 2019-12-05T13:11:59.932Z
2019-12-05 13:11:59.954 INFO  (main) [   ] o.a.s.c.SolrResourceLoader Using system property solr.solr.home: /home/stephen/Downloads/solr-8.3.0/server/solr
2019-12-05 13:11:59.960 INFO  (main) [   ] o.a.s.c.SolrXmlConfig Loading container configuration from /home/stephen/Downloads/solr-8.3.0/server/solr/solr.xml
2019-12-05 13:12:00.047 INFO  (main) [   ] o.a.s.c.SolrXmlConfig MBean server found: com.sun.jmx.mbeanserver.JmxMBeanServer@4034c28c, but no JMX reporters were configured - adding default JMX reporter.
2019-12-05 13:12:00.366 INFO  (main) [   ] o.a.s.h.c.HttpShardHandlerFactory Host whitelist initialized: WhitelistHostChecker [whitelistHosts=null, whitelistHostCheckingEnabled=true]
2019-12-05 13:12:00.667 WARN  (main) [   ] o.e.j.u.s.S.config Trusting all certificates configured for Client@7502291e[provider=null,keyStore=null,trustStore=null]
2019-12-05 13:12:00.668 WARN  (main) [   ] o.e.j.u.s.S.config No Client EndPointIdentificationAlgorithm configured for Client@7502291e[provider=null,keyStore=null,trustStore=null]
2019-12-05 13:12:00.819 WARN  (main) [   ] o.e.j.u.s.S.config Trusting all certificates configured for Client@2b5f4d54[provider=null,keyStore=null,trustStore=null]
2019-12-05 13:12:00.819 WARN  (main) [   ] o.e.j.u.s.S.config No Client EndPointIdentificationAlgorithm configured for Client@2b5f4d54[provider=null,keyStore=null,trustStore=null]
2019-12-05 13:12:00.846 INFO  (main) [   ] o.a.s.c.CoreContainer Initializing authorization plugin: solr.RuleBasedAuthorizationPlugin
2019-12-05 13:12:00.859 INFO  (main) [   ] o.a.s.c.CoreContainer Initializing authentication plugin: solr.BasicAuthPlugin
2019-12-05 13:12:01.049 INFO  (main) [   ] o.a.s.c.TransientSolrCoreCacheDefault Allocating transient cache for 2147483647 transient cores
2019-12-05 13:12:01.052 INFO  (main) [   ] o.a.s.h.a.MetricsHistoryHandler No .system collection, keeping metrics history in memory.
2019-12-05 13:12:01.158 INFO  (main) [   ] o.a.s.m.r.SolrJmxReporter JMX monitoring for 'solr.node' (registry 'solr.node') enabled at server: com.sun.jmx.mbeanserver.JmxMBeanServer@4034c28c
2019-12-05 13:12:01.158 INFO  (main) [   ] o.a.s.m.r.SolrJmxReporter JMX monitoring for 'solr.jvm' (registry 'solr.jvm') enabled at server: com.sun.jmx.mbeanserver.JmxMBeanServer@4034c28c
2019-12-05 13:12:01.166 INFO  (main) [   ] o.a.s.m.r.SolrJmxReporter JMX monitoring for 'solr.jetty' (registry 'solr.jetty') enabled at server: com.sun.jmx.mbeanserver.JmxMBeanServer@4034c28c
2019-12-05 13:12:01.216 INFO  (main) [   ] o.a.s.c.CorePropertiesLocator Found 2 core definitions underneath /home/stephen/Downloads/solr-8.3.0/server/solr
2019-12-05 13:12:01.217 INFO  (main) [   ] o.a.s.c.CorePropertiesLocator Cores are: [products, collection1]
2019-12-05 13:12:01.318 INFO  (coreLoadExecutor-9-thread-1) [   x:products] o.a.s.c.SolrResourceLoader [products] Added 64 libs to classloader, from paths: [/home/stephen/Downloads/solr-8.3.0/contrib/clustering/lib, /home/stephen/Downloads/solr-8.3.0/contrib/dataimporthandler/lib, /home/stephen/Downloads/solr-8.3.0/contrib/extraction/lib, /home/stephen/Downloads/solr-8.3.0/contrib/langid/lib, /home/stephen/Downloads/solr-8.3.0/contrib/velocity/lib, /home/stephen/Downloads/solr-8.3.0/dist]
2019-12-05 13:12:01.326 INFO  (coreLoadExecutor-9-thread-2) [   x:collection1] o.a.s.c.SolrResourceLoader [collection1] Added 64 libs to classloader, from paths: [/home/stephen/Downloads/solr-8.3.0/contrib/clustering/lib, /home/stephen/Downloads/solr-8.3.0/contrib/dataimporthandler/lib, /home/stephen/Downloads/solr-8.3.0/contrib/extraction/lib, /home/stephen/Downloads/solr-8.3.0/contrib/langid/lib, /home/stephen/Downloads/solr-8.3.0/contrib/velocity/lib, /home/stephen/Downloads/solr-8.3.0/dist]
2019-12-05 13:12:01.331 INFO  (main) [   ] o.e.j.s.h.ContextHandler Started o.e.j.w.WebAppContext@4e096385{/solr,file:///home/stephen/Downloads/solr-8.3.0/server/solr-webapp/webapp/,AVAILABLE}{/home/stephen/Downloads/solr-8.3.0/server/solr-webapp/webapp}
2019-12-05 13:12:01.340 INFO  (main) [   ] o.e.j.s.AbstractConnector Started ServerConnector@79079097{HTTP/1.1,[http/1.1, h2c]}{0.0.0.0:8983}
2019-12-05 13:12:01.340 INFO  (main) [   ] o.e.j.s.Server Started @2917ms
2019-12-05 13:12:01.571 INFO  (coreLoadExecutor-9-thread-1) [   x:products] o.a.s.c.SolrConfig Using Lucene MatchVersion: 8.3.0
2019-12-05 13:12:01.572 INFO  (coreLoadExecutor-9-thread-2) [   x:collection1] o.a.s.c.SolrConfig Using Lucene MatchVersion: 8.3.0
2019-12-05 13:12:01.908 INFO  (coreLoadExecutor-9-thread-1) [   x:products] o.a.s.s.IndexSchema [products] Schema name=default-config
2019-12-05 13:12:01.909 INFO  (coreLoadExecutor-9-thread-2) [   x:collection1] o.a.s.s.IndexSchema [collection1] Schema name=default-config
2019-12-05 13:12:02.652 INFO  (coreLoadExecutor-9-thread-2) [   x:collection1] o.a.s.s.IndexSchema Loaded schema default-config/1.6 with uniqueid field id
2019-12-05 13:12:02.657 INFO  (coreLoadExecutor-9-thread-1) [   x:products] o.a.s.s.IndexSchema Loaded schema default-config/1.6 with uniqueid field id
2019-12-05 13:12:02.715 INFO  (coreLoadExecutor-9-thread-2) [   x:collection1] o.a.s.c.CoreContainer Creating SolrCore 'collection1' using configuration from instancedir /home/stephen/Downloads/solr-8.3.0/server/solr/collection1, trusted=true
2019-12-05 13:12:02.717 INFO  (coreLoadExecutor-9-thread-1) [   x:products] o.a.s.c.CoreContainer Creating SolrCore 'products' using configuration from instancedir /home/stephen/Downloads/solr-8.3.0/server/solr/products, trusted=true
2019-12-05 13:12:02.751 INFO  (coreLoadExecutor-9-thread-2) [   x:collection1] o.a.s.m.r.SolrJmxReporter JMX monitoring for 'solr.core.collection1' (registry 'solr.core.collection1') enabled at server: com.sun.jmx.mbeanserver.JmxMBeanServer@4034c28c
2019-12-05 13:12:02.752 INFO  (coreLoadExecutor-9-thread-1) [   x:products] o.a.s.m.r.SolrJmxReporter JMX monitoring for 'solr.core.products' (registry 'solr.core.products') enabled at server: com.sun.jmx.mbeanserver.JmxMBeanServer@4034c28c
2019-12-05 13:12:02.784 INFO  (coreLoadExecutor-9-thread-2) [   x:collection1] o.a.s.c.SolrCore [[collection1] ] Opening new SolrCore at [/home/stephen/Downloads/solr-8.3.0/server/solr/collection1], dataDir=[/home/stephen/Downloads/solr-8.3.0/server/solr/collection1/data/]
2019-12-05 13:12:02.784 INFO  (coreLoadExecutor-9-thread-1) [   x:products] o.a.s.c.SolrCore [[products] ] Opening new SolrCore at [/home/stephen/Downloads/solr-8.3.0/server/solr/products], dataDir=[/home/stephen/Downloads/solr-8.3.0/server/solr/products/data/]
2019-12-05 13:12:02.841 INFO  (coreLoadExecutor-9-thread-1) [   x:products] o.a.s.r.XSLTResponseWriter xsltCacheLifetimeSeconds=5
2019-12-05 13:12:02.843 INFO  (coreLoadExecutor-9-thread-2) [   x:collection1] o.a.s.r.XSLTResponseWriter xsltCacheLifetimeSeconds=5
2019-12-05 13:12:03.525 INFO  (coreLoadExecutor-9-thread-2) [   x:collection1] o.a.s.u.UpdateHandler Using UpdateLog implementation: org.apache.solr.update.UpdateLog
2019-12-05 13:12:03.526 INFO  (coreLoadExecutor-9-thread-2) [   x:collection1] o.a.s.u.UpdateLog Initializing UpdateLog: dataDir= defaultSyncLevel=FLUSH numRecordsToKeep=100 maxNumLogsToKeep=10 numVersionBuckets=65536
2019-12-05 13:12:03.526 INFO  (coreLoadExecutor-9-thread-1) [   x:products] o.a.s.u.UpdateHandler Using UpdateLog implementation: org.apache.solr.update.UpdateLog
2019-12-05 13:12:03.526 INFO  (coreLoadExecutor-9-thread-1) [   x:products] o.a.s.u.UpdateLog Initializing UpdateLog: dataDir= defaultSyncLevel=FLUSH numRecordsToKeep=100 maxNumLogsToKeep=10 numVersionBuckets=65536
2019-12-05 13:12:03.561 INFO  (coreLoadExecutor-9-thread-2) [   x:collection1] o.a.s.u.CommitTracker Hard AutoCommit: if uncommitted for 15000ms; 
2019-12-05 13:12:03.561 INFO  (coreLoadExecutor-9-thread-1) [   x:products] o.a.s.u.CommitTracker Hard AutoCommit: if uncommitted for 15000ms; 
2019-12-05 13:12:03.561 INFO  (coreLoadExecutor-9-thread-2) [   x:collection1] o.a.s.u.CommitTracker Soft AutoCommit: disabled
2019-12-05 13:12:03.561 INFO  (coreLoadExecutor-9-thread-1) [   x:products] o.a.s.u.CommitTracker Soft AutoCommit: disabled
2019-12-05 13:12:03.699 INFO  (coreLoadExecutor-9-thread-1) [   x:products] o.a.s.s.SolrIndexSearcher Opening [Searcher@31a48ba3[products] main]
2019-12-05 13:12:03.699 INFO  (coreLoadExecutor-9-thread-2) [   x:collection1] o.a.s.s.SolrIndexSearcher Opening [Searcher@39a93fcf[collection1] main]
2019-12-05 13:12:03.714 INFO  (coreLoadExecutor-9-thread-2) [   x:collection1] o.a.s.r.ManagedResourceStorage File-based storage initialized to use dir: /home/stephen/Downloads/solr-8.3.0/server/solr/collection1/conf
2019-12-05 13:12:03.714 INFO  (coreLoadExecutor-9-thread-1) [   x:products] o.a.s.r.ManagedResourceStorage File-based storage initialized to use dir: /home/stephen/Downloads/solr-8.3.0/server/solr/products/conf
2019-12-05 13:12:03.747 INFO  (coreLoadExecutor-9-thread-1) [   x:products] o.a.s.h.c.SpellCheckComponent Initializing spell checkers
2019-12-05 13:12:03.750 INFO  (coreLoadExecutor-9-thread-2) [   x:collection1] o.a.s.h.c.SpellCheckComponent Initializing spell checkers
2019-12-05 13:12:03.760 INFO  (coreLoadExecutor-9-thread-2) [   x:collection1] o.a.s.s.DirectSolrSpellChecker init: {name=default,field=_text_,classname=solr.DirectSolrSpellChecker,distanceMeasure=internal,accuracy=0.5,maxEdits=2,minPrefix=1,maxInspections=5,minQueryLength=4,maxQueryFrequency=0.01}
2019-12-05 13:12:03.760 INFO  (coreLoadExecutor-9-thread-1) [   x:products] o.a.s.s.DirectSolrSpellChecker init: {name=default,field=_text_,classname=solr.DirectSolrSpellChecker,distanceMeasure=internal,accuracy=0.5,maxEdits=2,minPrefix=1,maxInspections=5,minQueryLength=4,maxQueryFrequency=0.01}
2019-12-05 13:12:03.785 INFO  (coreLoadExecutor-9-thread-1) [   x:products] o.a.s.h.ReplicationHandler Commits will be reserved for 10000ms.
2019-12-05 13:12:03.785 INFO  (coreLoadExecutor-9-thread-2) [   x:collection1] o.a.s.h.ReplicationHandler Commits will be reserved for 10000ms.
2019-12-05 13:12:03.820 INFO  (searcherExecutor-10-thread-1-processing-x:collection1) [   x:collection1] o.a.s.c.QuerySenderListener QuerySenderListener sending requests to Searcher@39a93fcf[collection1] main{ExitableDirectoryReader(UninvertingDirectoryReader(Uninverting(_a(8.3.0):C5/1:[diagnostics={java.vendor=Oracle Corporation, os=Linux, java.version=1.8.0_191, java.vm.version=25.191-b12, lucene.version=8.3.0, os.arch=amd64, java.runtime.version=1.8.0_191-b12, source=flush, os.version=4.4.0-131-generic, timestamp=1575529727028}]:[attributes={Lucene50StoredFieldsFormat.mode=BEST_SPEED}]:delGen=1)))}
2019-12-05 13:12:03.821 INFO  (searcherExecutor-10-thread-1-processing-x:collection1) [   x:collection1] o.a.s.c.QuerySenderListener QuerySenderListener done.
2019-12-05 13:12:03.821 INFO  (searcherExecutor-10-thread-1-processing-x:collection1) [   x:collection1] o.a.s.h.c.SpellCheckComponent Loading spell index for spellchecker: default
2019-12-05 13:12:03.823 INFO  (searcherExecutor-11-thread-1-processing-x:products) [   x:products] o.a.s.c.QuerySenderListener QuerySenderListener sending requests to Searcher@31a48ba3[products] main{ExitableDirectoryReader(UninvertingDirectoryReader(Uninverting(_p(8.3.0):C25:[diagnostics={java.vendor=Oracle Corporation, os=Linux, java.version=1.8.0_191, java.vm.version=25.191-b12, lucene.version=8.3.0, os.arch=amd64, java.runtime.version=1.8.0_191-b12, source=flush, os.version=4.4.0-131-generic, timestamp=1575546093613}]:[attributes={Lucene50StoredFieldsFormat.mode=BEST_SPEED}])))}
2019-12-05 13:12:03.823 INFO  (searcherExecutor-11-thread-1-processing-x:products) [   x:products] o.a.s.c.QuerySenderListener QuerySenderListener done.
2019-12-05 13:12:03.823 INFO  (searcherExecutor-11-thread-1-processing-x:products) [   x:products] o.a.s.h.c.SpellCheckComponent Loading spell index for spellchecker: default
2019-12-05 13:12:03.840 INFO  (searcherExecutor-11-thread-1-processing-x:products) [   x:products] o.a.s.c.SolrCore [products] Registered new searcher Searcher@31a48ba3[products] main{ExitableDirectoryReader(UninvertingDirectoryReader(Uninverting(_p(8.3.0):C25:[diagnostics={java.vendor=Oracle Corporation, os=Linux, java.version=1.8.0_191, java.vm.version=25.191-b12, lucene.version=8.3.0, os.arch=amd64, java.runtime.version=1.8.0_191-b12, source=flush, os.version=4.4.0-131-generic, timestamp=1575546093613}]:[attributes={Lucene50StoredFieldsFormat.mode=BEST_SPEED}])))}
2019-12-05 13:12:03.840 INFO  (searcherExecutor-10-thread-1-processing-x:collection1) [   x:collection1] o.a.s.c.SolrCore [collection1] Registered new searcher Searcher@39a93fcf[collection1] main{ExitableDirectoryReader(UninvertingDirectoryReader(Uninverting(_a(8.3.0):C5/1:[diagnostics={java.vendor=Oracle Corporation, os=Linux, java.version=1.8.0_191, java.vm.version=25.191-b12, lucene.version=8.3.0, os.arch=amd64, java.runtime.version=1.8.0_191-b12, source=flush, os.version=4.4.0-131-generic, timestamp=1575529727028}]:[attributes={Lucene50StoredFieldsFormat.mode=BEST_SPEED}]:delGen=1)))}
2019-12-05 13:12:44.023 INFO  (qtp694316372-22) [   ] o.a.s.s.HttpSolrCall [admin] webapp=null path=/admin/cores params={indexInfo=false&wt=json&_=1575551511302} status=0 QTime=16
2019-12-05 13:12:44.048 INFO  (qtp694316372-21) [   ] o.a.s.s.HttpSolrCall [admin] webapp=null path=/admin/info/system params={wt=json&_=1575551511302} status=0 QTime=41
2019-12-05 13:12:44.073 INFO  (qtp694316372-21) [   ] o.a.s.s.HttpSolrCall [admin] webapp=null path=/admin/info/system params={wt=json&_=1575551511302} status=0 QTime=16
2019-12-05 13:19:51.172 INFO  (qtp694316372-23) [   ] o.a.s.s.HttpSolrCall [admin] webapp=null path=/admin/cores params={indexInfo=false&wt=json&_=1575550110092} status=0 QTime=0
2019-12-05 13:19:51.190 INFO  (qtp694316372-15) [   ] o.a.s.s.HttpSolrCall [admin] webapp=null path=/admin/info/system params={wt=json&_=1575550110092} status=0 QTime=15
2019-12-05 13:20:36.610 INFO  (qtp694316372-20) [   ] o.a.s.s.HttpSolrCall [admin] webapp=null path=/admin/cores params={indexInfo=false&wt=json&_=1575550110092} status=0 QTime=0
2019-12-05 13:20:36.642 INFO  (qtp694316372-17) [   ] o.a.s.s.HttpSolrCall [admin] webapp=null path=/admin/info/system params={wt=json&_=1575550110092} status=0 QTime=22
2019-12-05 13:20:36.669 INFO  (qtp694316372-17) [   ] o.a.s.s.HttpSolrCall [admin] webapp=null path=/admin/info/system params={wt=json&_=1575550110092} status=0 QTime=20
2019-12-05 13:27:06.448 INFO  (qtp694316372-19) [   ] o.a.s.c.CoreContainer Security node changed, reloading security.json
2019-12-05 13:27:06.449 INFO  (qtp694316372-19) [   ] o.a.s.c.CoreContainer Initializing authorization plugin: solr.RuleBasedAuthorizationPlugin
2019-12-05 13:27:06.449 INFO  (qtp694316372-19) [   ] o.a.s.c.CoreContainer Initializing authentication plugin: solr.BasicAuthPlugin
2019-12-05 13:27:06.449 INFO  (qtp694316372-19) [   ] o.a.s.s.HttpSolrCall [admin] webapp=null path=/admin/authentication params={} status=0 QTime=23
2019-12-05 13:27:26.370 INFO  (qtp694316372-22) [   ] o.a.s.s.HttpSolrCall [admin] webapp=null path=/admin/cores params={indexInfo=false&wt=json&_=1575552437620} status=0 QTime=0
2019-12-05 13:27:26.391 INFO  (qtp694316372-15) [   ] o.a.s.s.HttpSolrCall [admin] webapp=null path=/admin/info/system params={wt=json&_=1575552437622} status=0 QTime=13
2019-12-05 13:27:26.405 INFO  (qtp694316372-22) [   ] o.a.s.s.HttpSolrCall [admin] webapp=null path=/admin/info/system params={wt=json&_=1575552437622} status=0 QTime=8
2019-12-05 13:28:13.532 INFO  (qtp694316372-15) [   ] o.a.s.c.CoreContainer Security node changed, reloading security.json
2019-12-05 13:28:13.532 INFO  (qtp694316372-15) [   ] o.a.s.c.CoreContainer Initializing authorization plugin: solr.RuleBasedAuthorizationPlugin
2019-12-05 13:28:13.532 INFO  (qtp694316372-15) [   ] o.a.s.c.CoreContainer Initializing authentication plugin: solr.BasicAuthPlugin
2019-12-05 13:28:13.533 INFO  (qtp694316372-15) [   ] o.a.s.s.HttpSolrCall [admin] webapp=null path=/admin/authentication params={} status=0 QTime=4
2019-12-05 13:28:18.523 INFO  (qtp694316372-22) [   ] o.a.s.s.HttpSolrCall [admin] webapp=null path=/admin/cores params={indexInfo=false&wt=json&_=1575552498381} status=0 QTime=0
2019-12-05 13:28:18.553 INFO  (qtp694316372-15) [   ] o.a.s.s.HttpSolrCall [admin] webapp=null path=/admin/info/system params={wt=json&_=1575552498381} status=0 QTime=24
2019-12-05 13:28:18.574 INFO  (qtp694316372-22) [   ] o.a.s.s.HttpSolrCall [admin] webapp=null path=/admin/info/system params={wt=json&_=1575552498381} status=0 QTime=15
